TN:
SF:/home/CIT/cnogueira/lookbrbackend/src/main/webapp/app/shared/index.ts
FNF:0
FNH:0
DA:1,1
DA:2,1
DA:3,1
DA:4,1
DA:5,1
DA:6,1
DA:7,1
DA:8,1
DA:9,1
DA:10,1
DA:11,1
DA:12,1
DA:13,1
DA:14,1
DA:15,1
DA:16,1
DA:17,1
DA:18,1
DA:19,1
DA:20,1
DA:21,1
DA:22,1
DA:23,1
DA:25,1
DA:26,1
DA:27,1
DA:28,1
DA:29,1
LF:28
LH:28
BRF:0
BRH:0
end_of_record
TN:
SF:/home/CIT/cnogueira/lookbrbackend/src/main/webapp/app/shared/constants/error.constants.ts
FNF:0
FNH:0
DA:1,1
DA:2,1
DA:3,1
DA:4,1
LF:4
LH:4
BRF:0
BRH:0
end_of_record
TN:
SF:/home/CIT/cnogueira/lookbrbackend/src/main/webapp/app/shared/constants/pagination.constants.ts
FNF:0
FNH:0
DA:1,1
LF:1
LH:1
BRF:0
BRH:0
end_of_record
TN:
SF:/home/CIT/cnogueira/lookbrbackend/src/main/webapp/app/shared/alert/alert.component.ts
FN:15,(anonymous_3)
FN:18,JhiAlertComponent
FN:20,(anonymous_5)
FN:24,(anonymous_6)
FNF:4
FNH:1
FNDA:1,(anonymous_3)
FNDA:0,JhiAlertComponent
FNDA:0,(anonymous_5)
FNDA:0,(anonymous_6)
DA:1,1
DA:2,1
DA:15,1
DA:18,1
DA:20,1
DA:21,0
DA:24,1
DA:25,0
DA:28,1
LF:9
LH:7
BRF:0
BRH:0
end_of_record
TN:
SF:/home/CIT/cnogueira/lookbrbackend/src/main/webapp/app/shared/alert/alert-error.component.ts
FN:17,(anonymous_3)
FN:22,JhiAlertErrorComponent
FN:25,(anonymous_5)
FN:84,(anonymous_6)
FN:91,(anonymous_7)
FNF:5
FNH:1
FNDA:1,(anonymous_3)
FNDA:0,JhiAlertErrorComponent
FNDA:0,(anonymous_5)
FNDA:0,(anonymous_6)
FNDA:0,(anonymous_7)
DA:1,1
DA:2,1
DA:3,1
DA:17,1
DA:22,1
DA:23,0
DA:25,0
DA:26,0
DA:27,0
DA:28,0
DA:31,0
DA:32,0
DA:35,0
DA:36,0
DA:37,0
DA:38,0
DA:39,0
DA:42,0
DA:43,0
DA:44,0
DA:45,0
DA:46,0
DA:47,0
DA:49,0
DA:50,0
DA:51,0
DA:52,0
DA:53,0
DA:54,0
DA:55,0
DA:57,0
DA:58,0
DA:60,0
DA:63,0
DA:64,0
DA:66,0
DA:68,0
DA:71,0
DA:72,0
DA:75,0
DA:76,0
DA:78,0
DA:84,1
DA:85,0
DA:86,0
DA:87,0
DA:91,1
DA:92,0
DA:93,0
DA:107,1
LF:50
LH:8
BRDA:30,1,0,0
BRDA:30,1,1,0
BRDA:30,1,2,0
BRDA:30,1,3,0
BRDA:38,2,0,0
BRDA:38,2,1,0
BRDA:38,3,0,0
BRDA:38,3,1,0
BRDA:45,4,0,0
BRDA:45,4,1,0
BRDA:49,5,0,0
BRDA:49,5,1,0
BRDA:52,6,0,0
BRDA:52,6,1,0
BRDA:52,7,0,0
BRDA:52,7,1,0
BRDA:52,7,2,0
BRDA:63,8,0,0
BRDA:63,8,1,0
BRDA:63,9,0,0
BRDA:63,9,1,0
BRDA:63,9,2,0
BRDA:75,10,0,0
BRDA:75,10,1,0
BRDA:75,11,0,0
BRDA:75,11,1,0
BRDA:75,11,2,0
BRDA:85,12,0,0
BRDA:85,12,1,0
BRDA:85,13,0,0
BRDA:85,13,1,0
BRDA:92,14,0,0
BRDA:92,14,1,0
BRDA:92,15,0,0
BRDA:92,15,1,0
BRF:35
BRH:0
end_of_record
TN:
SF:/home/CIT/cnogueira/lookbrbackend/src/main/webapp/app/shared/auth/csrf.service.ts
FN:5,(anonymous_3)
FN:7,CSRFService
FN:9,(anonymous_5)
FNF:3
FNH:1
FNDA:1,(anonymous_3)
FNDA:0,CSRFService
FNDA:0,(anonymous_5)
DA:1,1
DA:2,1
DA:5,1
DA:7,1
DA:9,1
DA:10,0
DA:11,0
DA:13,1
LF:8
LH:6
BRDA:10,1,0,0
BRDA:10,1,1,0
BRF:2
BRH:0
end_of_record
TN:
SF:/home/CIT/cnogueira/lookbrbackend/src/main/webapp/app/shared/auth/state-storage.service.ts
FN:5,(anonymous_3)
FN:6,StateStorageService
FN:10,(anonymous_5)
FN:14,(anonymous_6)
FN:18,(anonymous_7)
FN:23,(anonymous_8)
FN:27,(anonymous_9)
FN:31,(anonymous_10)
FN:35,(anonymous_11)
FNF:9
FNH:1
FNDA:1,(anonymous_3)
FNDA:0,StateStorageService
FNDA:0,(anonymous_5)
FNDA:0,(anonymous_6)
FNDA:0,(anonymous_7)
FNDA:0,(anonymous_8)
FNDA:0,(anonymous_9)
FNDA:0,(anonymous_10)
FNDA:0,(anonymous_11)
DA:1,1
DA:2,1
DA:5,1
DA:6,1
DA:7,0
DA:10,1
DA:11,0
DA:14,1
DA:15,0
DA:18,1
DA:19,0
DA:20,0
DA:23,1
DA:24,0
DA:27,1
DA:28,0
DA:31,1
DA:32,0
DA:35,1
DA:36,0
DA:46,0
DA:48,1
LF:22
LH:12
BRF:0
BRH:0
end_of_record
TN:
SF:/home/CIT/cnogueira/lookbrbackend/src/main/webapp/app/shared/auth/account.service.ts
FN:7,(anonymous_3)
FN:8,AccountService
FN:10,(anonymous_5)
FN:11,(anonymous_6)
FN:14,(anonymous_7)
FNF:5
FNH:2
FNDA:1,(anonymous_3)
FNDA:4,AccountService
FNDA:0,(anonymous_5)
FNDA:0,(anonymous_6)
FNDA:0,(anonymous_7)
DA:1,1
DA:2,1
DA:4,1
DA:7,1
DA:8,4
DA:10,1
DA:11,0
DA:14,1
DA:15,0
DA:17,1
LF:10
LH:8
BRF:0
BRH:0
end_of_record
TN:
SF:/home/CIT/cnogueira/lookbrbackend/src/main/webapp/app/app.constants.ts
FNF:0
FNH:0
DA:3,1
DA:4,1
DA:5,1
DA:10,1
DA:11,1
DA:12,1
LF:6
LH:6
BRF:0
BRH:0
end_of_record
TN:
SF:/home/CIT/cnogueira/lookbrbackend/src/main/webapp/app/shared/auth/auth-jwt.service.ts
FN:8,(anonymous_3)
FN:9,AuthServerProvider
FN:15,(anonymous_5)
FN:20,(anonymous_6)
FN:29,authenticateSuccess
FN:39,(anonymous_8)
FN:48,(anonymous_9)
FN:56,(anonymous_10)
FN:58,(anonymous_11)
FNF:9
FNH:1
FNDA:1,(anonymous_3)
FNDA:0,AuthServerProvider
FNDA:0,(anonymous_5)
FNDA:0,(anonymous_6)
FNDA:0,authenticateSuccess
FNDA:0,(anonymous_8)
FNDA:0,(anonymous_9)
FNDA:0,(anonymous_10)
FNDA:0,(anonymous_11)
DA:1,1
DA:2,1
DA:3,1
DA:4,1
DA:5,1
DA:8,1
DA:9,1
DA:10,0
DA:11,0
DA:12,0
DA:15,1
DA:17,0
DA:20,1
DA:22,0
DA:27,0
DA:29,1
DA:30,0
DA:31,0
DA:32,0
DA:33,0
DA:34,0
DA:39,1
DA:40,0
DA:41,0
DA:42,0
DA:44,0
DA:48,1
DA:49,0
DA:50,0
DA:52,0
DA:56,1
DA:58,0
DA:59,0
DA:60,0
DA:61,0
DA:64,1
LF:36
LH:14
BRDA:17,1,0,0
BRDA:17,1,1,0
BRDA:31,2,0,0
BRDA:31,2,1,0
BRDA:31,3,0,0
BRDA:31,3,1,0
BRDA:40,4,0,0
BRDA:40,4,1,0
BRDA:49,5,0,0
BRDA:49,5,1,0
BRF:10
BRH:0
end_of_record
TN:
SF:/home/CIT/cnogueira/lookbrbackend/src/main/webapp/app/shared/auth/principal.service.ts
FN:8,(anonymous_3)
FN:13,Principal
FN:18,(anonymous_5)
FN:24,(anonymous_6)
FN:28,(anonymous_7)
FN:42,(anonymous_8)
FN:47,(anonymous_9)
FN:49,(anonymous_10)
FN:54,(anonymous_11)
FN:66,(anonymous_12)
FN:77,(anonymous_13)
FN:88,(anonymous_14)
FN:92,(anonymous_15)
FN:96,(anonymous_16)
FN:100,(anonymous_17)
FNF:15
FNH:2
FNDA:1,(anonymous_3)
FNDA:4,Principal
FNDA:0,(anonymous_5)
FNDA:0,(anonymous_6)
FNDA:0,(anonymous_7)
FNDA:0,(anonymous_8)
FNDA:0,(anonymous_9)
FNDA:0,(anonymous_10)
FNDA:0,(anonymous_11)
FNDA:0,(anonymous_12)
FNDA:0,(anonymous_13)
FNDA:0,(anonymous_14)
FNDA:0,(anonymous_15)
FNDA:0,(anonymous_16)
FNDA:0,(anonymous_17)
DA:1,1
DA:3,1
DA:4,1
DA:5,1
DA:8,1
DA:10,4
DA:11,4
DA:13,1
DA:14,4
DA:15,4
DA:18,1
DA:19,0
DA:20,0
DA:21,0
DA:24,1
DA:25,0
DA:28,1
DA:29,0
DA:30,0
DA:33,0
DA:34,0
DA:35,0
DA:39,0
DA:42,1
DA:43,0
DA:44,0
DA:47,0
DA:48,0
DA:50,0
DA:54,1
DA:55,0
DA:56,0
DA:61,0
DA:62,0
DA:66,0
DA:67,0
DA:68,0
DA:69,0
DA:70,0
DA:72,0
DA:73,0
DA:75,0
DA:76,0
DA:78,0
DA:79,0
DA:81,0
DA:82,0
DA:83,0
DA:84,0
DA:88,1
DA:89,0
DA:92,1
DA:93,0
DA:96,1
DA:97,0
DA:100,1
DA:101,0
DA:103,1
LF:58
LH:20
BRDA:29,1,0,0
BRDA:29,1,1,0
BRDA:29,2,0,0
BRDA:29,2,1,0
BRDA:29,2,2,0
BRDA:34,3,0,0
BRDA:34,3,1,0
BRDA:43,4,0,0
BRDA:43,4,1,0
BRDA:48,5,0,0
BRDA:48,5,1,0
BRDA:55,6,0,0
BRDA:55,6,1,0
BRDA:61,7,0,0
BRDA:61,7,1,0
BRDA:67,8,0,0
BRDA:67,8,1,0
BRDA:78,9,0,0
BRDA:78,9,1,0
BRDA:78,10,0,0
BRDA:78,10,1,0
BRDA:101,11,0,0
BRDA:101,11,1,0
BRF:23
BRH:0
end_of_record
TN:
SF:/home/CIT/cnogueira/lookbrbackend/src/main/webapp/app/shared/tracker/tracker.service.ts
FN:13,(anonymous_3)
FN:23,JhiTrackerService
FN:34,(anonymous_5)
FN:49,(anonymous_6)
FN:54,(anonymous_7)
FN:64,(anonymous_8)
FN:76,(anonymous_9)
FN:80,(anonymous_10)
FN:90,(anonymous_11)
FN:91,(anonymous_12)
FN:92,(anonymous_13)
FN:98,(anonymous_14)
FN:105,(anonymous_15)
FN:106,(anonymous_16)
FN:111,(anonymous_17)
FN:112,(anonymous_18)
FNF:16
FNH:1
FNDA:1,(anonymous_3)
FNDA:0,JhiTrackerService
FNDA:0,(anonymous_5)
FNDA:0,(anonymous_6)
FNDA:0,(anonymous_7)
FNDA:0,(anonymous_8)
FNDA:0,(anonymous_9)
FNDA:0,(anonymous_10)
FNDA:0,(anonymous_11)
FNDA:0,(anonymous_12)
FNDA:0,(anonymous_13)
FNDA:0,(anonymous_14)
FNDA:0,(anonymous_15)
FNDA:0,(anonymous_16)
FNDA:0,(anonymous_17)
FNDA:0,(anonymous_18)
DA:1,1
DA:2,1
DA:3,1
DA:5,1
DA:6,1
DA:7,1
DA:9,1
DA:10,1
DA:13,1
DA:14,0
DA:15,0
DA:20,0
DA:23,1
DA:24,0
DA:25,0
DA:26,0
DA:28,0
DA:30,0
DA:31,0
DA:34,1
DA:35,0
DA:36,0
DA:39,0
DA:40,0
DA:41,0
DA:42,0
DA:43,0
DA:44,0
DA:46,0
DA:47,0
DA:48,0
DA:49,0
DA:50,0
DA:51,0
DA:52,0
DA:53,0
DA:54,0
DA:55,0
DA:56,0
DA:59,0
DA:64,1
DA:65,0
DA:66,0
DA:67,0
DA:69,0
DA:70,0
DA:71,0
DA:73,0
DA:76,1
DA:77,0
DA:80,1
DA:81,0
DA:82,0
DA:90,1
DA:91,0
DA:92,0
DA:93,0
DA:98,1
DA:99,0
DA:100,0
DA:102,0
DA:105,1
DA:106,0
DA:107,0
DA:111,1
DA:112,0
DA:114,1
LF:67
LH:19
BRDA:35,1,0,0
BRDA:35,1,1,0
BRDA:43,2,0,0
BRDA:43,2,1,0
BRDA:53,3,0,0
BRDA:53,3,1,0
BRDA:55,4,0,0
BRDA:55,4,1,0
BRDA:65,5,0,0
BRDA:65,5,1,0
BRDA:69,6,0,0
BRDA:69,6,1,0
BRDA:81,7,0,0
BRDA:81,7,1,0
BRDA:81,8,0,0
BRDA:81,8,1,0
BRDA:99,9,0,0
BRDA:99,9,1,0
BRF:18
BRH:0
end_of_record
TN:
SF:/home/CIT/cnogueira/lookbrbackend/src/main/webapp/app/shared/tracker/window.service.ts
FN:3,_window
FN:9,(anonymous_3)
FN:10,(anonymous_5)
FNF:3
FNH:1
FNDA:0,_window
FNDA:1,(anonymous_3)
FNDA:0,(anonymous_5)
DA:1,1
DA:3,1
DA:5,0
DA:9,2
DA:10,1
DA:11,0
DA:13,1
LF:7
LH:5
BRF:0
BRH:0
end_of_record
TN:
SF:/home/CIT/cnogueira/lookbrbackend/src/main/webapp/app/shared/auth/has-any-authority.directive.ts
FN:18,(anonymous_3)
FN:22,HasAnyAuthorityDirective
FN:26,(anonymous_5)
FN:30,(anonymous_6)
FN:33,(anonymous_7)
FN:34,(anonymous_8)
FNF:6
FNH:1
FNDA:1,(anonymous_3)
FNDA:0,HasAnyAuthorityDirective
FNDA:0,(anonymous_5)
FNDA:0,(anonymous_6)
FNDA:0,(anonymous_7)
FNDA:0,(anonymous_8)
DA:1,1
DA:2,1
DA:18,1
DA:22,1
DA:25,0
DA:26,2
DA:27,0
DA:28,0
DA:30,0
DA:33,1
DA:34,0
DA:35,0
DA:36,0
DA:37,0
DA:41,1
LF:15
LH:7
BRDA:27,1,0,0
BRDA:27,1,1,0
BRDA:36,2,0,0
BRDA:36,2,1,0
BRF:4
BRH:0
end_of_record
TN:
SF:/home/CIT/cnogueira/lookbrbackend/src/main/webapp/app/shared/auth/user-route-access-service.ts
FN:9,(anonymous_3)
FN:11,UserRouteAccessService
FN:17,(anonymous_5)
FN:26,(anonymous_6)
FN:28,(anonymous_7)
FN:36,(anonymous_8)
FN:46,(anonymous_9)
FNF:7
FNH:1
FNDA:1,(anonymous_3)
FNDA:0,UserRouteAccessService
FNDA:0,(anonymous_5)
FNDA:0,(anonymous_6)
FNDA:0,(anonymous_7)
FNDA:0,(anonymous_8)
FNDA:0,(anonymous_9)
DA:1,1
DA:2,1
DA:4,1
DA:5,1
DA:6,1
DA:9,1
DA:11,1
DA:12,0
DA:13,0
DA:14,0
DA:17,1
DA:19,0
DA:23,0
DA:26,1
DA:27,0
DA:28,0
DA:30,0
DA:31,0
DA:34,0
DA:35,0
DA:37,0
DA:38,0
DA:40,0
DA:45,0
DA:46,0
DA:48,0
DA:49,0
DA:52,0
DA:55,1
LF:29
LH:10
BRDA:30,1,0,0
BRDA:30,1,1,0
BRDA:30,2,0,0
BRDA:30,2,1,0
BRDA:34,3,0,0
BRDA:34,3,1,0
BRDA:37,4,0,0
BRDA:37,4,1,0
BRDA:48,5,0,0
BRDA:48,5,1,0
BRF:10
BRH:0
end_of_record
TN:
SF:/home/CIT/cnogueira/lookbrbackend/src/main/webapp/app/shared/login/login-modal.service.ts
FN:7,(anonymous_3)
FN:9,LoginModalService
FN:13,(anonymous_5)
FN:21,(anonymous_6)
FN:23,(anonymous_7)
FNF:5
FNH:1
FNDA:1,(anonymous_3)
FNDA:0,LoginModalService
FNDA:0,(anonymous_5)
FNDA:0,(anonymous_6)
FNDA:0,(anonymous_7)
DA:1,1
DA:2,1
DA:4,1
DA:7,1
DA:8,0
DA:9,1
DA:10,0
DA:13,1
DA:14,0
DA:15,0
DA:17,0
DA:18,0
DA:21,0
DA:22,0
DA:24,0
DA:26,0
DA:28,1
LF:17
LH:7
BRDA:14,1,0,0
BRDA:14,1,1,0
BRF:2
BRH:0
end_of_record
TN:
SF:/home/CIT/cnogueira/lookbrbackend/src/main/webapp/app/shared/login/login.component.ts
FN:13,(anonymous_3)
FN:20,JhiLoginModalComponent
FN:32,(anonymous_5)
FN:36,(anonymous_6)
FN:46,(anonymous_7)
FN:51,(anonymous_8)
FN:71,(anonymous_9)
FN:76,(anonymous_10)
FN:81,(anonymous_11)
FNF:9
FNH:1
FNDA:1,(anonymous_3)
FNDA:0,JhiLoginModalComponent
FNDA:0,(anonymous_5)
FNDA:0,(anonymous_6)
FNDA:0,(anonymous_7)
FNDA:0,(anonymous_8)
FNDA:0,(anonymous_9)
FNDA:0,(anonymous_10)
FNDA:0,(anonymous_11)
DA:1,1
DA:2,1
DA:3,1
DA:4,1
DA:6,1
DA:7,1
DA:13,1
DA:20,1
DA:21,0
DA:22,0
DA:23,0
DA:24,0
DA:25,0
DA:26,0
DA:27,0
DA:29,0
DA:32,1
DA:33,0
DA:36,1
DA:37,0
DA:42,0
DA:43,0
DA:46,1
DA:47,0
DA:52,0
DA:53,0
DA:54,0
DA:56,0
DA:59,0
DA:66,0
DA:67,0
DA:68,0
DA:69,0
DA:72,0
DA:76,1
DA:77,0
DA:78,0
DA:81,1
DA:82,0
DA:83,0
DA:85,1
LF:41
LH:14
BRDA:54,1,0,0
BRDA:54,1,1,0
BRDA:54,2,0,0
BRDA:54,2,1,0
BRDA:54,2,2,0
BRDA:67,3,0,0
BRDA:67,3,1,0
BRF:7
BRH:0
end_of_record
TN:
SF:/home/CIT/cnogueira/lookbrbackend/src/main/webapp/app/shared/login/login.service.ts
FN:9,(anonymous_3)
FN:11,LoginService
FN:18,(anonymous_5)
FN:19,(anonymous_6)
FN:21,(anonymous_7)
FN:22,(anonymous_8)
FN:23,(anonymous_9)
FN:33,(anonymous_10)
FN:41,(anonymous_11)
FN:45,(anonymous_12)
FNF:10
FNH:1
FNDA:1,(anonymous_3)
FNDA:0,LoginService
FNDA:0,(anonymous_5)
FNDA:0,(anonymous_6)
FNDA:0,(anonymous_7)
FNDA:0,(anonymous_8)
FNDA:0,(anonymous_9)
FNDA:0,(anonymous_10)
FNDA:0,(anonymous_11)
FNDA:0,(anonymous_12)
DA:1,1
DA:2,1
DA:4,1
DA:5,1
DA:6,1
DA:9,1
DA:11,1
DA:12,0
DA:13,0
DA:14,0
DA:15,0
DA:18,1
DA:19,0
DA:21,0
DA:22,0
DA:23,0
DA:26,0
DA:27,0
DA:29,0
DA:30,0
DA:32,0
DA:34,0
DA:35,0
DA:36,0
DA:41,1
DA:42,0
DA:45,1
DA:46,0
DA:47,0
DA:49,1
LF:30
LH:11
BRDA:19,1,0,0
BRDA:19,1,1,0
BRDA:26,2,0,0
BRDA:26,2,1,0
BRF:4
BRH:0
end_of_record
TN:
SF:/home/CIT/cnogueira/lookbrbackend/src/main/webapp/app/shared/language/language.constants.ts
FNF:0
FNH:0
DA:5,1
LF:1
LH:1
BRF:0
BRH:0
end_of_record
TN:
SF:/home/CIT/cnogueira/lookbrbackend/src/main/webapp/app/shared/language/language.helper.ts
FN:9,(anonymous_3)
FN:12,JhiLanguageHelper
FN:23,(anonymous_5)
FN:34,(anonymous_6)
FN:39,(anonymous_7)
FN:44,(anonymous_8)
FN:45,(anonymous_9)
FN:51,(anonymous_10)
FNF:8
FNH:1
FNDA:1,(anonymous_3)
FNDA:0,JhiLanguageHelper
FNDA:0,(anonymous_5)
FNDA:0,(anonymous_6)
FNDA:0,(anonymous_7)
FNDA:0,(anonymous_8)
FNDA:0,(anonymous_9)
FNDA:0,(anonymous_10)
DA:1,1
DA:2,1
DA:3,1
DA:4,1
DA:6,1
DA:9,1
DA:10,0
DA:12,1
DA:13,0
DA:15,0
DA:16,0
DA:17,0
DA:19,0
DA:20,0
DA:23,1
DA:24,0
DA:34,1
DA:35,0
DA:36,0
DA:39,0
DA:40,0
DA:44,1
DA:45,0
DA:46,0
DA:47,0
DA:51,1
DA:52,0
DA:53,0
DA:54,0
DA:56,0
DA:58,1
LF:31
LH:12
BRDA:35,1,0,0
BRDA:35,1,1,0
BRDA:52,2,0,0
BRDA:52,2,1,0
BRDA:52,3,0,0
BRDA:52,3,1,0
BRDA:53,4,0,0
BRDA:53,4,1,0
BRDA:54,5,0,0
BRDA:54,5,1,0
BRF:10
BRH:0
end_of_record
TN:
SF:/home/CIT/cnogueira/lookbrbackend/src/main/webapp/app/shared/language/find-language-from-key.pipe.ts
FN:4,(anonymous_2)
FN:3,FindLanguageFromKeyPipe
FN:10,(anonymous_4)
FNF:3
FNH:1
FNDA:1,(anonymous_2)
FNDA:0,FindLanguageFromKeyPipe
FNDA:0,(anonymous_4)
DA:1,1
DA:3,1
DA:4,1
DA:5,0
DA:10,1
DA:11,0
DA:13,1
LF:7
LH:5
BRF:0
BRH:0
end_of_record
TN:
SF:/home/CIT/cnogueira/lookbrbackend/src/main/webapp/app/shared/user/account.model.ts
FN:1,(anonymous_1)
FN:2,Account
FNF:2
FNH:1
FNDA:1,(anonymous_1)
FNDA:0,Account
DA:1,1
DA:2,1
DA:3,0
DA:4,0
DA:5,0
DA:6,0
DA:7,0
DA:8,0
DA:9,0
DA:10,0
DA:12,1
LF:11
LH:3
BRF:0
BRH:0
end_of_record
TN:
SF:/home/CIT/cnogueira/lookbrbackend/src/main/webapp/app/shared/user/user.model.ts
FN:1,(anonymous_1)
FN:16,User
FNF:2
FNH:1
FNDA:1,(anonymous_1)
FNDA:0,User
DA:1,1
DA:16,1
DA:31,0
DA:32,0
DA:33,0
DA:34,0
DA:35,0
DA:36,0
DA:37,0
DA:38,0
DA:39,0
DA:40,0
DA:41,0
DA:42,0
DA:43,0
DA:45,1
LF:16
LH:3
BRDA:31,1,0,0
BRDA:31,1,1,0
BRDA:32,2,0,0
BRDA:32,2,1,0
BRDA:33,3,0,0
BRDA:33,3,1,0
BRDA:34,4,0,0
BRDA:34,4,1,0
BRDA:35,5,0,0
BRDA:35,5,1,0
BRDA:36,6,0,0
BRDA:36,6,1,0
BRDA:37,7,0,0
BRDA:37,7,1,0
BRDA:38,8,0,0
BRDA:38,8,1,0
BRDA:39,9,0,0
BRDA:39,9,1,0
BRDA:40,10,0,0
BRDA:40,10,1,0
BRDA:41,11,0,0
BRDA:41,11,1,0
BRDA:42,12,0,0
BRDA:42,12,1,0
BRDA:43,13,0,0
BRDA:43,13,1,0
BRF:26
BRH:0
end_of_record
TN:
SF:/home/CIT/cnogueira/lookbrbackend/src/main/webapp/app/shared/user/user.service.ts
FN:11,(anonymous_3)
FN:14,UserService
FN:16,(anonymous_5)
FN:18,(anonymous_6)
FN:21,(anonymous_7)
FN:23,(anonymous_8)
FN:26,(anonymous_9)
FN:27,(anonymous_10)
FN:30,(anonymous_11)
FN:33,(anonymous_12)
FN:36,(anonymous_13)
FN:40,(anonymous_14)
FN:41,(anonymous_15)
FN:47,(anonymous_16)
FNF:14
FNH:1
FNDA:1,(anonymous_3)
FNDA:0,UserService
FNDA:0,(anonymous_5)
FNDA:0,(anonymous_6)
FNDA:0,(anonymous_7)
FNDA:0,(anonymous_8)
FNDA:0,(anonymous_9)
FNDA:0,(anonymous_10)
FNDA:0,(anonymous_11)
FNDA:0,(anonymous_12)
FNDA:0,(anonymous_13)
FNDA:0,(anonymous_14)
FNDA:0,(anonymous_15)
FNDA:0,(anonymous_16)
DA:1,1
DA:2,1
DA:5,1
DA:7,1
DA:8,1
DA:11,1
DA:12,0
DA:14,1
DA:16,1
DA:17,0
DA:18,0
DA:21,1
DA:22,0
DA:23,0
DA:26,1
DA:27,0
DA:30,1
DA:31,0
DA:32,0
DA:33,0
DA:36,1
DA:37,0
DA:40,1
DA:41,0
DA:42,0
DA:43,0
DA:47,1
DA:48,0
DA:49,0
DA:51,1
LF:30
LH:15
BRF:0
BRH:0
end_of_record
TN:
SF:/home/CIT/cnogueira/lookbrbackend/src/main/webapp/app/shared/model/response-wrapper.model.ts
FN:3,(anonymous_1)
FN:4,ResponseWrapper
FNF:2
FNH:1
FNDA:1,(anonymous_1)
FNDA:0,ResponseWrapper
DA:3,1
DA:4,1
DA:5,0
DA:6,0
DA:7,0
DA:9,1
LF:6
LH:3
BRF:0
BRH:0
end_of_record
TN:
SF:/home/CIT/cnogueira/lookbrbackend/src/main/webapp/app/shared/model/request-util.ts
FN:3,(anonymous_1)
FNF:1
FNH:0
FNDA:0,(anonymous_1)
DA:1,1
DA:3,1
DA:4,0
DA:5,0
DA:6,0
DA:7,0
DA:8,0
DA:9,0
DA:10,0
DA:12,0
DA:14,0
DA:16,0
LF:12
LH:2
BRDA:5,1,0,0
BRDA:5,1,1,0
BRDA:9,2,0,0
BRDA:9,2,1,0
BRF:4
BRH:0
end_of_record
TN:
SF:/home/CIT/cnogueira/lookbrbackend/src/main/webapp/app/shared/social/social.service.ts
FN:4,(anonymous_3)
FN:6,SocialService
FN:8,(anonymous_5)
FN:18,(anonymous_6)
FNF:4
FNH:1
FNDA:1,(anonymous_3)
FNDA:0,SocialService
FNDA:0,(anonymous_5)
FNDA:0,(anonymous_6)
DA:1,1
DA:4,1
DA:6,1
DA:8,1
DA:9,0
DA:10,0
DA:11,0
DA:12,0
DA:14,0
DA:18,1
DA:19,0
DA:21,1
LF:12
LH:6
BRDA:10,1,0,0
BRDA:10,1,1,0
BRDA:10,1,2,0
BRDA:10,1,3,0
BRF:4
BRH:0
end_of_record
TN:
SF:/home/CIT/cnogueira/lookbrbackend/src/main/webapp/app/shared/social/social.component.ts
FN:9,(anonymous_3)
FN:16,JhiSocialComponent
FN:21,(anonymous_5)
FNF:3
FNH:1
FNDA:1,(anonymous_3)
FNDA:0,JhiSocialComponent
FNDA:0,(anonymous_5)
DA:1,1
DA:2,1
DA:3,1
DA:9,1
DA:10,1
DA:16,1
DA:17,0
DA:18,0
DA:21,1
DA:22,0
DA:23,0
DA:24,0
DA:25,0
DA:27,1
LF:14
LH:8
BRF:0
BRH:0
end_of_record
TN:
SF:/home/CIT/cnogueira/lookbrbackend/src/main/webapp/app/shared/shared-libs.module.ts
FN:31,(anonymous_2)
FNF:1
FNH:1
FNDA:1,(anonymous_2)
DA:1,1
DA:2,1
DA:3,1
DA:4,1
DA:5,1
DA:6,1
DA:7,1
DA:8,1
DA:31,2
LF:9
LH:9
BRF:0
BRH:0
end_of_record
TN:
SF:/home/CIT/cnogueira/lookbrbackend/src/main/webapp/app/shared/shared-common.module.ts
FN:38,(anonymous_2)
FNF:1
FNH:1
FNDA:1,(anonymous_2)
DA:1,1
DA:2,1
DA:4,1
DA:5,1
DA:38,2
LF:5
LH:5
BRF:0
BRH:0
end_of_record
TN:
SF:/home/CIT/cnogueira/lookbrbackend/src/main/webapp/app/shared/shared.module.ts
FN:56,(anonymous_2)
FNF:1
FNH:1
FNDA:1,(anonymous_2)
DA:1,1
DA:2,1
DA:4,1
DA:56,2
LF:4
LH:4
BRF:0
BRH:0
end_of_record
TN:
SF:/home/CIT/cnogueira/lookbrbackend/src/main/webapp/app/account/activate/activate.service.ts
FN:7,(anonymous_3)
FN:9,ActivateService
FN:11,(anonymous_5)
FN:17,(anonymous_6)
FNF:4
FNH:2
FNDA:1,(anonymous_3)
FNDA:3,ActivateService
FNDA:0,(anonymous_5)
FNDA:0,(anonymous_6)
DA:1,1
DA:2,1
DA:4,1
DA:7,1
DA:9,3
DA:11,1
DA:12,0
DA:13,0
DA:15,0
DA:17,0
DA:19,1
LF:11
LH:7
BRF:0
BRH:0
end_of_record
TN:
SF:/home/CIT/cnogueira/lookbrbackend/src/main/webapp/app/account/activate/activate.component.ts
FN:12,(anonymous_3)
FN:17,ActivateComponent
FN:24,(anonymous_5)
FN:25,(anonymous_6)
FN:26,(anonymous_7)
FN:29,(anonymous_8)
FN:36,(anonymous_9)
FNF:7
FNH:6
FNDA:1,(anonymous_3)
FNDA:3,ActivateComponent
FNDA:3,(anonymous_5)
FNDA:3,(anonymous_6)
FNDA:1,(anonymous_7)
FNDA:1,(anonymous_8)
FNDA:0,(anonymous_9)
DA:1,1
DA:3,1
DA:5,1
DA:6,1
DA:12,1
DA:17,1
DA:18,3
DA:19,3
DA:20,3
DA:24,4
DA:25,3
DA:26,3
DA:27,1
DA:28,1
DA:30,1
DA:31,1
DA:36,1
DA:37,0
DA:39,1
LF:19
LH:18
BRF:0
BRH:0
end_of_record
TN:
SF:/home/CIT/cnogueira/lookbrbackend/src/main/webapp/app/account/password-reset/finish/password-reset-finish.component.ts
FN:12,(anonymous_3)
FN:22,PasswordResetFinishComponent
FN:30,(anonymous_5)
FN:31,(anonymous_6)
FN:38,(anonymous_7)
FN:44,(anonymous_8)
FN:50,(anonymous_9)
FN:52,(anonymous_10)
FN:59,(anonymous_11)
FNF:9
FNH:5
FNDA:1,(anonymous_3)
FNDA:2,PasswordResetFinishComponent
FNDA:1,(anonymous_5)
FNDA:1,(anonymous_6)
FNDA:1,(anonymous_7)
FNDA:0,(anonymous_8)
FNDA:0,(anonymous_9)
FNDA:0,(anonymous_10)
FNDA:0,(anonymous_11)
DA:1,1
DA:3,1
DA:5,1
DA:6,1
DA:12,1
DA:22,1
DA:23,2
DA:24,2
DA:25,2
DA:26,2
DA:30,2
DA:31,1
DA:32,1
DA:34,1
DA:35,1
DA:38,1
DA:39,1
DA:40,1
DA:44,1
DA:45,0
DA:46,0
DA:47,0
DA:48,0
DA:50,0
DA:51,0
DA:53,0
DA:54,0
DA:59,1
DA:60,0
DA:62,1
LF:30
LH:21
BRDA:39,1,0,1
BRDA:39,1,1,0
BRDA:47,2,0,0
BRDA:47,2,1,0
BRF:4
BRH:1
end_of_record
TN:
SF:/home/CIT/cnogueira/lookbrbackend/src/main/webapp/app/account/password-reset/finish/password-reset-finish.service.ts
FN:7,(anonymous_3)
FN:9,PasswordResetFinishService
FN:11,(anonymous_5)
FNF:3
FNH:2
FNDA:1,(anonymous_3)
FNDA:2,PasswordResetFinishService
FNDA:0,(anonymous_5)
DA:1,1
DA:2,1
DA:4,1
DA:7,1
DA:9,2
DA:11,1
DA:12,0
DA:14,1
LF:8
LH:7
BRF:0
BRH:0
end_of_record
TN:
SF:/home/CIT/cnogueira/lookbrbackend/src/main/webapp/app/account/password-reset/init/password-reset-init.component.ts
FN:10,(anonymous_3)
FN:16,PasswordResetInitComponent
FN:23,(anonymous_5)
FN:27,(anonymous_6)
FN:31,(anonymous_7)
FN:35,(anonymous_8)
FN:37,(anonymous_9)
FNF:7
FNH:7
FNDA:1,(anonymous_3)
FNDA:5,PasswordResetInitComponent
FNDA:5,(anonymous_5)
FNDA:1,(anonymous_6)
FNDA:3,(anonymous_7)
FNDA:1,(anonymous_8)
FNDA:2,(anonymous_9)
DA:1,1
DA:3,1
DA:4,1
DA:10,1
DA:16,1
DA:17,5
DA:18,5
DA:19,5
DA:23,1
DA:24,5
DA:27,1
DA:28,1
DA:31,4
DA:32,3
DA:33,3
DA:35,3
DA:36,1
DA:38,2
DA:39,2
DA:40,1
DA:42,1
DA:46,1
LF:22
LH:22
BRDA:39,1,0,1
BRDA:39,1,1,1
BRDA:39,2,0,2
BRDA:39,2,1,1
BRF:4
BRH:4
end_of_record
TN:
SF:/home/CIT/cnogueira/lookbrbackend/src/main/webapp/app/account/password-reset/init/password-reset-init.service.ts
FN:7,(anonymous_3)
FN:9,PasswordResetInitService
FN:11,(anonymous_5)
FNF:3
FNH:2
FNDA:1,(anonymous_3)
FNDA:5,PasswordResetInitService
FNDA:0,(anonymous_5)
DA:1,1
DA:2,1
DA:4,1
DA:7,1
DA:9,5
DA:11,1
DA:12,0
DA:14,1
LF:8
LH:7
BRF:0
BRH:0
end_of_record
TN:
SF:/home/CIT/cnogueira/lookbrbackend/src/main/webapp/app/account/password/password-strength-bar.component.ts
FN:20,(anonymous_3)
FN:24,PasswordStrengthBarComponent
FN:26,(anonymous_5)
FN:36,(anonymous_6)
FN:54,(anonymous_7)
FN:71,(anonymous_8)
FNF:6
FNH:5
FNDA:1,(anonymous_3)
FNDA:3,PasswordStrengthBarComponent
FNDA:10,(anonymous_5)
FNDA:40,(anonymous_6)
FNDA:7,(anonymous_7)
FNDA:0,(anonymous_8)
DA:1,1
DA:20,1
DA:22,3
DA:24,3
DA:26,1
DA:28,10
DA:29,10
DA:30,10
DA:31,10
DA:32,10
DA:33,10
DA:35,10
DA:36,10
DA:37,40
DA:40,10
DA:41,10
DA:44,10
DA:47,10
DA:48,10
DA:49,10
DA:51,10
DA:54,1
DA:55,7
DA:56,7
DA:57,3
DA:58,4
DA:59,1
DA:60,3
DA:61,1
DA:62,2
DA:63,1
DA:65,1
DA:67,7
DA:71,2
DA:72,0
DA:73,0
DA:74,0
DA:75,0
DA:76,0
DA:78,0
DA:79,0
DA:80,0
DA:81,0
DA:83,0
DA:88,1
LF:45
LH:35
BRDA:40,1,0,1
BRDA:40,1,1,9
BRDA:44,2,0,7
BRDA:44,2,1,3
BRDA:47,3,0,2
BRDA:47,3,1,8
BRDA:48,4,0,0
BRDA:48,4,1,10
BRDA:49,5,0,2
BRDA:49,5,1,8
BRDA:56,6,0,3
BRDA:56,6,1,4
BRDA:58,7,0,1
BRDA:58,7,1,3
BRDA:60,8,0,1
BRDA:60,8,1,2
BRDA:62,9,0,1
BRDA:62,9,1,1
BRDA:72,10,0,0
BRDA:72,10,1,0
BRDA:75,11,0,0
BRDA:75,11,1,0
BRDA:80,12,0,0
BRDA:80,12,1,0
BRF:24
BRH:17
end_of_record
TN:
SF:/home/CIT/cnogueira/lookbrbackend/src/main/webapp/app/account/password/password.component.ts
FN:10,(anonymous_3)
FN:18,PasswordComponent
FN:24,(anonymous_5)
FN:25,(anonymous_6)
FN:30,(anonymous_7)
FN:37,(anonymous_8)
FN:40,(anonymous_9)
FNF:7
FNH:5
FNDA:1,(anonymous_3)
FNDA:4,PasswordComponent
FNDA:0,(anonymous_5)
FNDA:0,(anonymous_6)
FNDA:4,(anonymous_7)
FNDA:2,(anonymous_8)
FNDA:1,(anonymous_9)
DA:1,1
DA:3,1
DA:4,1
DA:10,1
DA:18,1
DA:19,4
DA:20,4
DA:24,1
DA:25,0
DA:26,0
DA:30,5
DA:31,4
DA:32,1
DA:33,1
DA:34,1
DA:36,3
DA:37,3
DA:38,2
DA:39,2
DA:41,1
DA:42,1
DA:46,1
LF:22
LH:20
BRDA:31,1,0,1
BRDA:31,1,1,3
BRF:2
BRH:2
end_of_record
TN:
SF:/home/CIT/cnogueira/lookbrbackend/src/main/webapp/app/account/password/password.service.ts
FN:7,(anonymous_3)
FN:9,PasswordService
FN:11,(anonymous_5)
FNF:3
FNH:2
FNDA:1,(anonymous_3)
FNDA:4,PasswordService
FNDA:0,(anonymous_5)
DA:1,1
DA:2,1
DA:4,1
DA:7,1
DA:9,4
DA:11,1
DA:12,0
DA:14,1
LF:8
LH:7
BRF:0
BRH:0
end_of_record
TN:
SF:/home/CIT/cnogueira/lookbrbackend/src/main/webapp/app/account/register/register.service.ts
FN:7,(anonymous_3)
FN:9,Register
FN:11,(anonymous_5)
FNF:3
FNH:2
FNDA:1,(anonymous_3)
FNDA:5,Register
FNDA:0,(anonymous_5)
DA:1,1
DA:2,1
DA:4,1
DA:7,1
DA:9,5
DA:11,1
DA:12,0
DA:14,1
LF:8
LH:7
BRF:0
BRH:0
end_of_record
TN:
SF:/home/CIT/cnogueira/lookbrbackend/src/main/webapp/app/account/register/register.component.ts
FN:12,(anonymous_3)
FN:23,RegisterComponent
FN:32,(anonymous_5)
FN:37,(anonymous_6)
FN:41,(anonymous_7)
FN:49,(anonymous_8)
FN:51,(anonymous_9)
FN:53,(anonymous_10)
FN:58,(anonymous_11)
FN:62,(anonymous_12)
FNF:10
FNH:8
FNDA:1,(anonymous_3)
FNDA:5,RegisterComponent
FNDA:5,(anonymous_5)
FNDA:0,(anonymous_6)
FNDA:5,(anonymous_7)
FNDA:4,(anonymous_8)
FNDA:1,(anonymous_9)
FNDA:3,(anonymous_10)
FNDA:0,(anonymous_11)
FNDA:3,(anonymous_12)
DA:1,1
DA:3,1
DA:5,1
DA:6,1
DA:12,1
DA:23,1
DA:24,5
DA:25,5
DA:26,5
DA:27,5
DA:28,5
DA:32,1
DA:33,5
DA:34,5
DA:37,1
DA:38,0
DA:41,6
DA:42,5
DA:43,1
DA:45,4
DA:46,4
DA:47,4
DA:48,4
DA:49,4
DA:50,4
DA:51,4
DA:52,1
DA:53,3
DA:58,1
DA:59,0
DA:62,1
DA:63,3
DA:64,3
DA:65,1
DA:66,2
DA:67,1
DA:69,1
DA:72,1
LF:38
LH:36
BRDA:42,1,0,1
BRDA:42,1,1,4
BRDA:64,2,0,1
BRDA:64,2,1,2
BRDA:64,3,0,3
BRDA:64,3,1,2
BRDA:66,4,0,1
BRDA:66,4,1,1
BRDA:66,5,0,2
BRDA:66,5,1,1
BRF:10
BRH:10
end_of_record
TN:
SF:/home/CIT/cnogueira/lookbrbackend/src/main/webapp/app/account/settings/settings.component.ts
FN:10,(anonymous_3)
FN:16,SettingsComponent
FN:24,(anonymous_5)
FN:25,(anonymous_6)
FN:28,(anonymous_7)
FN:33,(anonymous_8)
FN:34,(anonymous_9)
FN:37,(anonymous_10)
FN:40,(anonymous_11)
FN:45,(anonymous_12)
FN:51,(anonymous_13)
FNF:11
FNH:8
FNDA:1,(anonymous_3)
FNDA:3,SettingsComponent
FNDA:0,(anonymous_5)
FNDA:0,(anonymous_6)
FNDA:0,(anonymous_7)
FNDA:3,(anonymous_8)
FNDA:2,(anonymous_9)
FNDA:2,(anonymous_10)
FNDA:2,(anonymous_11)
FNDA:1,(anonymous_12)
FNDA:2,(anonymous_13)
DA:1,1
DA:2,1
DA:4,1
DA:10,1
DA:16,1
DA:17,3
DA:18,3
DA:19,3
DA:20,3
DA:24,1
DA:25,0
DA:26,0
DA:28,0
DA:29,0
DA:33,4
DA:34,3
DA:35,2
DA:36,2
DA:37,2
DA:38,2
DA:40,2
DA:41,2
DA:42,2
DA:46,1
DA:47,1
DA:51,1
DA:52,2
DA:62,1
LF:28
LH:24
BRDA:41,1,0,2
BRDA:41,1,1,0
BRF:2
BRH:1
end_of_record
TN:
SF:/home/CIT/cnogueira/lookbrbackend/src/main/webapp/app/blocks/config/uib-pagination.config.ts
FN:6,(anonymous_3)
FN:8,PaginationConfig
FNF:2
FNH:1
FNDA:1,(anonymous_3)
FNDA:0,PaginationConfig
DA:1,1
DA:2,1
DA:3,1
DA:6,1
DA:8,1
DA:9,0
DA:10,0
DA:11,0
DA:12,0
DA:14,1
LF:10
LH:6
BRF:0
BRH:0
end_of_record
TN:
SF:/home/CIT/cnogueira/lookbrbackend/src/main/webapp/app/admin/audits/audits.component.ts
FN:13,(anonymous_3)
FN:25,AuditsComponent
FN:36,(anonymous_5)
FN:40,(anonymous_6)
FN:45,(anonymous_7)
FN:51,(anonymous_8)
FN:53,(anonymous_9)
FN:61,(anonymous_10)
FN:74,(anonymous_11)
FN:83,(anonymous_12)
FN:84,(anonymous_13)
FNF:11
FNH:6
FNDA:1,(anonymous_3)
FNDA:3,AuditsComponent
FNDA:0,(anonymous_5)
FNDA:0,(anonymous_6)
FNDA:1,(anonymous_7)
FNDA:1,(anonymous_8)
FNDA:0,(anonymous_9)
FNDA:2,(anonymous_10)
FNDA:2,(anonymous_11)
FNDA:0,(anonymous_12)
FNDA:0,(anonymous_13)
DA:1,1
DA:2,1
DA:3,1
DA:6,1
DA:7,1
DA:13,1
DA:25,1
DA:26,3
DA:27,3
DA:29,3
DA:30,3
DA:31,3
DA:32,3
DA:33,3
DA:36,1
DA:37,0
DA:40,1
DA:41,0
DA:42,0
DA:45,1
DA:46,1
DA:47,1
DA:48,1
DA:51,2
DA:52,1
DA:55,0
DA:56,0
DA:57,0
DA:61,1
DA:62,2
DA:63,2
DA:65,2
DA:66,0
DA:68,2
DA:71,2
DA:74,1
DA:75,2
DA:77,2
DA:78,2
DA:79,2
DA:80,2
DA:83,1
DA:84,0
DA:85,0
DA:86,0
DA:87,0
DA:88,0
DA:90,0
DA:94,0
DA:96,1
LF:50
LH:36
BRDA:65,1,0,0
BRDA:65,1,1,2
BRDA:85,2,0,0
BRDA:85,2,1,0
BRDA:87,3,0,0
BRDA:87,3,1,0
BRDA:94,4,0,0
BRDA:94,4,1,0
BRF:8
BRH:1
end_of_record
TN:
SF:/home/CIT/cnogueira/lookbrbackend/src/main/webapp/app/admin/audits/audits.service.ts
FN:6,(anonymous_3)
FN:7,AuditsService
FN:9,(anonymous_5)
FNF:3
FNH:3
FNDA:1,(anonymous_3)
FNDA:3,AuditsService
FNDA:1,(anonymous_5)
DA:1,1
DA:2,1
DA:6,1
DA:7,3
DA:9,1
DA:10,1
DA:11,1
DA:12,1
DA:13,1
DA:14,1
DA:15,1
DA:17,1
DA:21,1
DA:23,1
LF:14
LH:14
BRF:0
BRH:0
end_of_record
TN:
SF:/home/CIT/cnogueira/lookbrbackend/src/main/webapp/app/admin/health/health.component.ts
FN:11,(anonymous_3)
FN:15,JhiHealthCheckComponent
FN:22,(anonymous_5)
FN:26,(anonymous_6)
FN:30,(anonymous_7)
FN:38,(anonymous_8)
FN:41,(anonymous_9)
FN:44,(anonymous_10)
FN:52,(anonymous_11)
FN:55,(anonymous_12)
FN:57,(anonymous_13)
FN:62,(anonymous_14)
FNF:12
FNH:4
FNDA:1,(anonymous_3)
FNDA:9,JhiHealthCheckComponent
FNDA:0,(anonymous_5)
FNDA:2,(anonymous_6)
FNDA:0,(anonymous_7)
FNDA:0,(anonymous_8)
FNDA:0,(anonymous_9)
FNDA:0,(anonymous_10)
FNDA:0,(anonymous_11)
FNDA:0,(anonymous_12)
FNDA:0,(anonymous_13)
FNDA:2,(anonymous_14)
DA:1,1
DA:2,1
DA:4,1
DA:5,1
DA:11,1
DA:15,1
DA:16,9
DA:17,9
DA:22,1
DA:23,0
DA:26,1
DA:27,2
DA:30,1
DA:31,0
DA:32,0
DA:34,0
DA:38,1
DA:39,0
DA:41,0
DA:42,0
DA:43,0
DA:45,0
DA:46,0
DA:47,0
DA:52,1
DA:53,0
DA:54,0
DA:55,0
DA:62,1
DA:63,2
DA:66,1
LF:31
LH:17
BRDA:31,1,0,0
BRDA:31,1,1,0
BRDA:45,2,0,0
BRDA:45,2,1,0
BRF:4
BRH:0
end_of_record
TN:
SF:/home/CIT/cnogueira/lookbrbackend/src/main/webapp/app/admin/health/health.service.ts
FN:6,(anonymous_3)
FN:10,JhiHealthService
FN:14,(anonymous_5)
FN:15,(anonymous_6)
FN:18,(anonymous_7)
FN:24,(anonymous_8)
FN:31,(anonymous_9)
FN:41,(anonymous_10)
FN:75,(anonymous_11)
FN:92,(anonymous_12)
FN:106,(anonymous_13)
FN:120,(anonymous_14)
FNF:12
FNH:10
FNDA:1,(anonymous_3)
FNDA:9,JhiHealthService
FNDA:0,(anonymous_5)
FNDA:0,(anonymous_6)
FNDA:5,(anonymous_7)
FNDA:2,(anonymous_8)
FNDA:2,(anonymous_9)
FNDA:17,(anonymous_10)
FNDA:8,(anonymous_11)
FNDA:20,(anonymous_12)
FNDA:17,(anonymous_13)
FNDA:47,(anonymous_14)
DA:1,1
DA:2,1
DA:6,1
DA:10,9
DA:11,9
DA:14,1
DA:15,0
DA:18,1
DA:19,5
DA:20,5
DA:21,5
DA:24,1
DA:25,2
DA:26,2
DA:27,2
DA:31,1
DA:32,2
DA:33,2
DA:34,2
DA:35,2
DA:36,2
DA:41,1
DA:42,17
DA:46,17
DA:47,17
DA:49,17
DA:50,46
DA:51,46
DA:52,46
DA:53,25
DA:55,21
DA:56,15
DA:57,15
DA:64,17
DA:65,11
DA:69,17
DA:70,16
DA:72,17
DA:75,1
DA:76,8
DA:77,26
DA:78,26
DA:79,26
DA:80,17
DA:81,3
DA:82,3
DA:84,14
DA:89,8
DA:92,1
DA:93,20
DA:94,20
DA:95,6
DA:96,14
DA:97,0
DA:98,14
DA:99,14
DA:101,0
DA:103,20
DA:106,1
DA:107,17
DA:109,17
DA:110,46
DA:111,46
DA:112,46
DA:113,6
DA:117,17
DA:120,1
DA:121,47
DA:123,47
DA:124,294
DA:125,294
DA:126,23
DA:130,47
DA:132,1
LF:74
LH:71
BRDA:25,1,0,2
BRDA:25,1,1,0
BRDA:32,2,0,2
BRDA:32,2,1,0
BRDA:36,3,0,1
BRDA:36,3,1,1
BRDA:50,4,0,46
BRDA:50,4,1,0
BRDA:52,5,0,25
BRDA:52,5,1,21
BRDA:52,6,0,46
BRDA:52,6,1,29
BRDA:55,7,0,15
BRDA:55,7,1,6
BRDA:64,8,0,11
BRDA:64,8,1,6
BRDA:69,9,0,16
BRDA:69,9,1,1
BRDA:69,10,0,17
BRDA:69,10,1,3
BRDA:69,10,2,2
BRDA:77,11,0,26
BRDA:77,11,1,0
BRDA:79,12,0,17
BRDA:79,12,1,9
BRDA:80,13,0,3
BRDA:80,13,1,14
BRDA:94,14,0,6
BRDA:94,14,1,14
BRDA:94,15,0,20
BRDA:94,15,1,6
BRDA:96,16,0,0
BRDA:96,16,1,14
BRDA:98,17,0,14
BRDA:98,17,1,0
BRDA:110,18,0,46
BRDA:110,18,1,0
BRDA:112,19,0,6
BRDA:112,19,1,40
BRDA:112,20,0,46
BRDA:112,20,1,46
BRDA:124,21,0,294
BRDA:124,21,1,0
BRDA:125,22,0,23
BRDA:125,22,1,271
BRF:45
BRH:37
end_of_record
TN:
SF:/home/CIT/cnogueira/lookbrbackend/src/main/webapp/app/admin/health/health-modal.component.ts
FN:10,(anonymous_3)
FN:14,JhiHealthModalComponent
FN:16,(anonymous_5)
FN:20,(anonymous_6)
FN:24,(anonymous_7)
FNF:5
FNH:1
FNDA:1,(anonymous_3)
FNDA:0,JhiHealthModalComponent
FNDA:0,(anonymous_5)
FNDA:0,(anonymous_6)
FNDA:0,(anonymous_7)
DA:1,1
DA:2,1
DA:4,1
DA:10,1
DA:14,1
DA:16,1
DA:17,0
DA:20,1
DA:21,0
DA:24,1
DA:25,0
DA:26,0
DA:30,0
DA:31,0
DA:32,0
DA:34,0
DA:37,1
LF:17
LH:9
BRDA:25,1,0,0
BRDA:25,1,1,0
BRDA:31,2,0,0
BRDA:31,2,1,0
BRF:4
BRH:0
end_of_record
